2026-03-05 15:38:00,096 - security - INFO - Security layer initialized successfully
2026-03-05 15:38:00,099 - security - INFO - Data validation passed for TEMP_001
2026-03-05 15:42:23,543 - ml_pipeline - INFO - Performing behavioral clustering...
2026-03-05 15:43:42,275 - security - INFO - Security layer initialized successfully
2026-03-05 15:43:42,283 - __main__ - INFO - Database initialized successfully
2026-03-05 15:43:42,283 - __main__ - INFO - Starting CultureX integrated system demonstration
2026-03-05 15:43:42,287 - security - INFO - Data validation passed for HUM_001
2026-03-05 15:43:42,289 - security - INFO - Data validation passed for PRES_001
2026-03-05 15:43:42,290 - security - INFO - Data validation passed for TOUCH_001
2026-03-05 15:43:42,291 - security - INFO - Data validation passed for HUM_001
2026-03-05 15:43:42,293 - security - INFO - Data validation passed for TOUCH_001
2026-03-05 15:43:42,296 - security - INFO - Data validation passed for PRES_001
2026-03-05 15:43:42,297 - security - INFO - Data validation passed for HUM_001
2026-03-05 15:43:42,299 - security - INFO - Data validation passed for TEMP_001
2026-03-05 15:43:42,303 - security - INFO - Data validation passed for PROX_001
2026-03-05 15:43:42,304 - security - INFO - Data validation passed for LIGHT_001
2026-03-05 15:43:42,306 - security - INFO - Data validation passed for TOUCH_001
2026-03-05 15:43:42,308 - security - INFO - Data validation passed for PRES_001
2026-03-05 15:43:42,311 - security - INFO - Data validation passed for PROX_001
2026-03-05 15:43:42,312 - security - INFO - Data validation passed for TOUCH_001
2026-03-05 15:43:42,314 - security - INFO - Data validation passed for PRES_001
2026-03-05 15:43:42,315 - security - INFO - Data validation passed for PRES_001
2026-03-05 15:43:42,316 - security - INFO - Data validation passed for HUM_001
2026-03-05 15:43:42,318 - security - INFO - Data validation passed for PRES_001
2026-03-05 15:43:42,319 - security - INFO - Data validation passed for TOUCH_001
2026-03-05 15:43:42,321 - security - INFO - Data validation passed for PROX_001
2026-03-05 15:43:42,322 - security - INFO - Data validation passed for HUM_001
2026-03-05 15:43:42,324 - security - INFO - Data validation passed for PRES_001
2026-03-05 15:43:42,325 - security - INFO - Data validation passed for PRES_001
2026-03-05 15:43:42,326 - security - INFO - Data validation passed for LIGHT_001
2026-03-05 15:43:42,329 - security - INFO - Data validation passed for HUM_001
2026-03-05 15:43:42,332 - security - INFO - Data validation passed for LIGHT_001
2026-03-05 15:43:42,335 - security - INFO - Data validation passed for PRES_001
2026-03-05 15:43:42,337 - security - INFO - Data validation passed for PROX_001
2026-03-05 15:43:42,338 - security - INFO - Data validation passed for TEMP_001
2026-03-05 15:43:42,341 - security - INFO - Data validation passed for PROX_001
2026-03-05 15:43:42,343 - security - INFO - Data validation passed for HUM_001
2026-03-05 15:43:42,344 - security - INFO - Data validation passed for HUM_001
2026-03-05 15:43:42,346 - security - INFO - Data validation passed for LIGHT_001
2026-03-05 15:43:42,348 - security - INFO - Data validation passed for TOUCH_001
2026-03-05 15:43:42,349 - security - INFO - Data validation passed for TOUCH_001
2026-03-05 15:43:42,350 - security - INFO - Data validation passed for TOUCH_001
2026-03-05 15:43:42,352 - security - INFO - Data validation passed for PRES_001
2026-03-05 15:43:42,354 - security - INFO - Data validation passed for TOUCH_001
2026-03-05 15:43:42,356 - security - INFO - Data validation passed for TEMP_001
2026-03-05 15:43:42,358 - security - INFO - Data validation passed for PRES_001
2026-03-05 15:43:42,360 - security - INFO - Data validation passed for TOUCH_001
2026-03-05 15:43:42,363 - security - INFO - Data validation passed for TOUCH_001
2026-03-05 15:43:42,365 - security - INFO - Data validation passed for PRES_001
2026-03-05 15:43:42,367 - security - INFO - Data validation passed for HUM_001
2026-03-05 15:43:42,369 - security - INFO - Data validation passed for HUM_001
2026-03-05 15:43:42,370 - security - INFO - Data validation passed for PROX_001
2026-03-05 15:43:42,372 - security - INFO - Data validation passed for HUM_001
2026-03-05 15:43:42,373 - security - INFO - Data validation passed for TEMP_001
2026-03-05 15:43:42,374 - security - INFO - Data validation passed for TOUCH_001
2026-03-05 15:43:42,376 - security - INFO - Data validation passed for PROX_001
2026-03-05 15:43:42,378 - security - INFO - Data validation passed for PRES_001
2026-03-05 15:43:42,379 - security - INFO - Data validation passed for TEMP_001
2026-03-05 15:43:42,380 - security - INFO - Data validation passed for TEMP_001
2026-03-05 15:43:42,382 - security - INFO - Data validation passed for PROX_001
2026-03-05 15:43:42,384 - security - INFO - Data validation passed for TOUCH_001
2026-03-05 15:43:42,385 - security - INFO - Data validation passed for HUM_001
2026-03-05 15:43:42,387 - security - INFO - Data validation passed for TOUCH_001
2026-03-05 15:43:42,388 - security - INFO - Data validation passed for HUM_001
2026-03-05 15:43:42,390 - security - INFO - Data validation passed for PRES_001
2026-03-05 15:43:42,394 - security - INFO - Data validation passed for TOUCH_001
2026-03-05 15:43:42,396 - security - INFO - Data validation passed for LIGHT_001
2026-03-05 15:43:42,398 - security - INFO - Data validation passed for LIGHT_001
2026-03-05 15:43:42,400 - security - INFO - Data validation passed for TOUCH_001
2026-03-05 15:43:42,403 - security - INFO - Data validation passed for LIGHT_001
2026-03-05 15:43:42,404 - security - INFO - Data validation passed for PROX_001
2026-03-05 15:43:42,406 - security - INFO - Data validation passed for HUM_001
2026-03-05 15:43:42,407 - security - INFO - Data validation passed for TOUCH_001
2026-03-05 15:43:42,408 - security - INFO - Data validation passed for TOUCH_001
2026-03-05 15:43:42,409 - security - INFO - Data validation passed for TEMP_001
2026-03-05 15:43:42,411 - security - INFO - Data validation passed for TEMP_001
2026-03-05 15:43:42,413 - security - INFO - Data validation passed for TOUCH_001
2026-03-05 15:43:42,414 - security - INFO - Data validation passed for PRES_001
2026-03-05 15:43:42,416 - security - INFO - Data validation passed for TEMP_001
2026-03-05 15:43:42,417 - security - INFO - Data validation passed for TOUCH_001
2026-03-05 15:43:42,419 - security - INFO - Data validation passed for TEMP_001
2026-03-05 15:43:42,421 - security - INFO - Data validation passed for HUM_001
2026-03-05 15:43:42,422 - security - INFO - Data validation passed for PRES_001
2026-03-05 15:43:42,423 - security - INFO - Data validation passed for LIGHT_001
2026-03-05 15:43:42,424 - security - INFO - Data validation passed for TOUCH_001
2026-03-05 15:43:42,425 - security - INFO - Data validation passed for HUM_001
2026-03-05 15:43:42,426 - security - INFO - Data validation passed for HUM_001
2026-03-05 15:43:42,427 - security - INFO - Data validation passed for PRES_001
2026-03-05 15:43:42,429 - security - INFO - Data validation passed for PROX_001
2026-03-05 15:43:42,430 - security - INFO - Data validation passed for TEMP_001
2026-03-05 15:43:42,431 - security - INFO - Data validation passed for TOUCH_001
2026-03-05 15:43:42,432 - security - INFO - Data validation passed for TOUCH_001
2026-03-05 15:43:42,434 - security - INFO - Data validation passed for PRES_001
2026-03-05 15:43:42,478 - security - INFO - Data validation passed for HUM_001
2026-03-05 15:43:42,496 - security - INFO - Data validation passed for TOUCH_001
2026-03-05 15:43:42,497 - security - INFO - Data validation passed for TEMP_001
2026-03-05 15:43:42,498 - security - INFO - Data validation passed for LIGHT_001
2026-03-05 15:43:42,500 - security - INFO - Data validation passed for PROX_001
2026-03-05 15:43:42,503 - security - INFO - Data validation passed for HUM_001
2026-03-05 15:43:42,505 - security - INFO - Data validation passed for HUM_001
2026-03-05 15:43:42,506 - security - INFO - Data validation passed for LIGHT_001
2026-03-05 15:43:42,511 - security - INFO - Data validation passed for LIGHT_001
2026-03-05 15:43:42,513 - security - INFO - Data validation passed for TEMP_001
2026-03-05 15:43:42,514 - security - INFO - Data validation passed for PRES_001
2026-03-05 15:43:42,516 - security - INFO - Data validation passed for LIGHT_001
2026-03-05 15:43:42,517 - security - INFO - Data validation passed for TOUCH_001
2026-03-05 15:43:42,517 - __main__ - INFO - Validated 100 out of 100 readings
2026-03-05 15:43:42,520 - __main__ - INFO - Stored 100 readings in database
2026-03-05 15:43:42,527 - __main__ - INFO - Processed 8 interaction events
2026-03-05 15:43:42,531 - ml_pipeline - INFO - Training interaction classifier...
2026-03-05 15:43:43,827 - ml_pipeline - INFO - Classifier trained - Accuracy: 0.000
2026-03-05 15:43:43,827 - ml_pipeline - INFO - Training visitor flow predictor...
2026-03-05 15:43:44,428 - ml_pipeline - INFO - Regressor trained - MAE: 0.890
2026-03-05 15:43:44,428 - ml_pipeline - INFO - Performing behavioral clustering...
2026-03-05 15:43:44,584 - ml_pipeline - INFO - Models saved to models/
2026-03-05 15:43:44,585 - __main__ - INFO - ML analysis completed
2026-03-05 15:50:02,294 - security - INFO - Security layer initialized successfully
