2026-03-05 16:15:45,281 - security - INFO - Camada de segurança inicializada com sucesso
2026-03-05 16:15:45,285 - __main__ - INFO - Database initialized successfully
2026-03-05 16:15:45,285 - __main__ - INFO - Starting CultureX integrated system demonstration
2026-03-05 16:15:45,290 - security - INFO - Data validation passed for TEMP_001
2026-03-05 16:15:45,291 - security - INFO - Data validation passed for HUM_001
2026-03-05 16:15:45,293 - security - INFO - Data validation passed for PROX_001
2026-03-05 16:15:45,294 - security - INFO - Data validation passed for PRES_001
2026-03-05 16:15:45,296 - security - INFO - Data validation passed for TEMP_001
2026-03-05 16:15:45,297 - security - INFO - Data validation passed for HUM_001
2026-03-05 16:15:45,299 - security - INFO - Data validation passed for TOUCH_001
2026-03-05 16:15:45,300 - security - INFO - Data validation passed for LIGHT_001
2026-03-05 16:15:45,302 - security - INFO - Data validation passed for TOUCH_001
2026-03-05 16:15:45,304 - security - INFO - Data validation passed for PROX_001
2026-03-05 16:15:45,305 - security - INFO - Data validation passed for TEMP_001
2026-03-05 16:15:45,307 - security - INFO - Data validation passed for PRES_001
2026-03-05 16:15:45,308 - security - INFO - Data validation passed for TEMP_001
2026-03-05 16:15:45,309 - security - INFO - Data validation passed for HUM_001
2026-03-05 16:15:45,310 - security - INFO - Data validation passed for PRES_001
2026-03-05 16:15:45,313 - security - INFO - Data validation passed for TOUCH_001
2026-03-05 16:15:45,315 - security - INFO - Data validation passed for HUM_001
2026-03-05 16:15:45,317 - security - INFO - Data validation passed for PRES_001
2026-03-05 16:15:45,320 - security - INFO - Data validation passed for TEMP_001
2026-03-05 16:15:45,323 - security - INFO - Data validation passed for PRES_001
2026-03-05 16:15:45,325 - security - INFO - Data validation passed for HUM_001
2026-03-05 16:15:45,326 - security - INFO - Data validation passed for TOUCH_001
2026-03-05 16:15:45,328 - security - INFO - Data validation passed for TEMP_001
2026-03-05 16:15:45,329 - security - INFO - Data validation passed for PROX_001
2026-03-05 16:15:45,331 - security - INFO - Data validation passed for TOUCH_001
2026-03-05 16:15:45,334 - security - INFO - Data validation passed for LIGHT_001
2026-03-05 16:15:45,336 - security - INFO - Data validation passed for LIGHT_001
2026-03-05 16:15:45,339 - security - INFO - Data validation passed for TOUCH_001
2026-03-05 16:15:45,341 - security - INFO - Data validation passed for HUM_001
2026-03-05 16:15:45,343 - security - INFO - Data validation passed for TOUCH_001
2026-03-05 16:15:45,345 - security - INFO - Data validation passed for PRES_001
2026-03-05 16:15:45,346 - security - INFO - Data validation passed for LIGHT_001
2026-03-05 16:15:45,347 - security - INFO - Data validation passed for TEMP_001
2026-03-05 16:15:45,349 - security - INFO - Data validation passed for PRES_001
2026-03-05 16:15:45,350 - security - INFO - Data validation passed for HUM_001
2026-03-05 16:15:45,352 - security - INFO - Data validation passed for PRES_001
2026-03-05 16:15:45,353 - security - INFO - Data validation passed for LIGHT_001
2026-03-05 16:15:45,355 - security - INFO - Data validation passed for PROX_001
2026-03-05 16:15:45,357 - security - INFO - Data validation passed for TOUCH_001
2026-03-05 16:15:45,358 - security - INFO - Data validation passed for PRES_001
2026-03-05 16:15:45,359 - security - INFO - Data validation passed for TOUCH_001
2026-03-05 16:15:45,361 - security - INFO - Data validation passed for PRES_001
2026-03-05 16:15:45,362 - security - INFO - Data validation passed for TEMP_001
2026-03-05 16:15:45,363 - security - INFO - Data validation passed for HUM_001
2026-03-05 16:15:45,365 - security - INFO - Data validation passed for LIGHT_001
2026-03-05 16:15:45,366 - security - INFO - Data validation passed for TEMP_001
2026-03-05 16:15:45,368 - security - INFO - Data validation passed for LIGHT_001
2026-03-05 16:15:45,369 - security - INFO - Data validation passed for HUM_001
2026-03-05 16:15:45,371 - security - INFO - Data validation passed for LIGHT_001
2026-03-05 16:15:45,372 - security - INFO - Data validation passed for PROX_001
2026-03-05 16:15:45,374 - security - INFO - Data validation passed for TOUCH_001
2026-03-05 16:15:45,375 - security - INFO - Data validation passed for LIGHT_001
2026-03-05 16:15:45,376 - security - INFO - Data validation passed for TOUCH_001
2026-03-05 16:15:45,378 - security - INFO - Data validation passed for HUM_001
2026-03-05 16:15:45,379 - security - INFO - Data validation passed for PRES_001
2026-03-05 16:15:45,380 - security - INFO - Data validation passed for HUM_001
2026-03-05 16:15:45,381 - security - INFO - Data validation passed for TEMP_001
2026-03-05 16:15:45,385 - security - INFO - Data validation passed for HUM_001
2026-03-05 16:15:45,388 - security - INFO - Data validation passed for HUM_001
2026-03-05 16:15:45,390 - security - INFO - Data validation passed for PROX_001
2026-03-05 16:15:45,392 - security - INFO - Data validation passed for HUM_001
2026-03-05 16:15:45,393 - security - INFO - Data validation passed for TOUCH_001
2026-03-05 16:15:45,395 - security - INFO - Data validation passed for TOUCH_001
2026-03-05 16:15:45,396 - security - INFO - Data validation passed for PROX_001
2026-03-05 16:15:45,397 - security - INFO - Data validation passed for HUM_001
2026-03-05 16:15:45,399 - security - INFO - Data validation passed for TEMP_001
2026-03-05 16:15:45,400 - security - INFO - Data validation passed for PRES_001
2026-03-05 16:15:45,402 - security - INFO - Data validation passed for TEMP_001
2026-03-05 16:15:45,403 - security - INFO - Data validation passed for PRES_001
2026-03-05 16:15:45,405 - security - INFO - Data validation passed for LIGHT_001
2026-03-05 16:15:45,406 - security - INFO - Data validation passed for TOUCH_001
2026-03-05 16:15:45,407 - security - INFO - Data validation passed for TOUCH_001
2026-03-05 16:15:45,408 - security - INFO - Data validation passed for HUM_001
2026-03-05 16:15:45,410 - security - INFO - Data validation passed for PROX_001
2026-03-05 16:15:45,411 - security - INFO - Data validation passed for TOUCH_001
2026-03-05 16:15:45,412 - security - INFO - Data validation passed for LIGHT_001
2026-03-05 16:15:45,413 - security - INFO - Data validation passed for TEMP_001
2026-03-05 16:15:45,415 - security - INFO - Data validation passed for LIGHT_001
2026-03-05 16:15:45,416 - security - INFO - Data validation passed for PRES_001
2026-03-05 16:15:45,417 - security - INFO - Data validation passed for TOUCH_001
2026-03-05 16:15:45,419 - security - INFO - Data validation passed for TOUCH_001
2026-03-05 16:15:45,421 - security - INFO - Data validation passed for PROX_001
2026-03-05 16:15:45,422 - security - INFO - Data validation passed for LIGHT_001
2026-03-05 16:15:45,423 - security - INFO - Data validation passed for HUM_001
2026-03-05 16:15:45,425 - security - INFO - Data validation passed for PROX_001
2026-03-05 16:15:45,426 - security - INFO - Data validation passed for LIGHT_001
2026-03-05 16:15:45,428 - security - INFO - Data validation passed for PROX_001
2026-03-05 16:15:45,429 - security - INFO - Data validation passed for HUM_001
2026-03-05 16:15:45,430 - security - INFO - Data validation passed for HUM_001
2026-03-05 16:15:45,431 - security - INFO - Data validation passed for PRES_001
2026-03-05 16:15:45,433 - security - INFO - Data validation passed for LIGHT_001
2026-03-05 16:15:45,434 - security - INFO - Data validation passed for TOUCH_001
2026-03-05 16:15:45,435 - security - INFO - Data validation passed for TEMP_001
2026-03-05 16:15:45,437 - security - INFO - Data validation passed for PRES_001
2026-03-05 16:15:45,439 - security - INFO - Data validation passed for TEMP_001
2026-03-05 16:15:45,440 - security - INFO - Data validation passed for TOUCH_001
2026-03-05 16:15:45,441 - security - INFO - Data validation passed for HUM_001
2026-03-05 16:15:45,442 - security - INFO - Data validation passed for LIGHT_001
2026-03-05 16:15:45,443 - security - INFO - Data validation passed for TEMP_001
2026-03-05 16:15:45,446 - security - INFO - Data validation passed for TEMP_001
2026-03-05 16:15:45,446 - __main__ - INFO - Validated 100 out of 100 readings
2026-03-05 16:15:45,450 - __main__ - INFO - Stored 100 readings in database
2026-03-05 16:15:45,459 - __main__ - INFO - Processed 12 interaction events
2026-03-05 16:15:45,462 - ml_pipeline - INFO - Training interaction classifier...
2026-03-05 16:15:46,221 - ml_pipeline - INFO - Classifier trained - Accuracy: 0.667
2026-03-05 16:15:46,221 - ml_pipeline - INFO - Training visitor flow predictor...
2026-03-05 16:15:46,812 - ml_pipeline - INFO - Regressor trained - MAE: 0.876
2026-03-05 16:15:46,812 - ml_pipeline - INFO - Performing behavioral clustering...
2026-03-05 16:15:47,051 - ml_pipeline - INFO - Models saved to models/
2026-03-05 16:15:47,051 - __main__ - INFO - ML analysis completed
